{"name": "Поиск адреса(топонима) на карте", "status": "broken", "statusDetails": {"message": "selenium.common.exceptions.NoSuchElementException: Message: no such element: Unable to locate element: {\"method\":\"link text\",\"selector\":\"Музей космонавтики\"}\n  (Session info: chrome-headless-shell=122.0.6261.95); For documentation on this error, please visit: https://www.selenium.dev/documentation/webdriver/troubleshooting/errors#no-such-element-exception\nStacktrace:\n\tGetHandleVerifier [0x00007FF78ABFAD22+56930]\n\t(No symbol) [0x00007FF78AB6F622]\n\t(No symbol) [0x00007FF78AA242E5]\n\t(No symbol) [0x00007FF78AA698ED]\n\t(No symbol) [0x00007FF78AA69A2C]\n\t(No symbol) [0x00007FF78AAAA967]\n\t(No symbol) [0x00007FF78AA8BCDF]\n\t(No symbol) [0x00007FF78AAA81E2]\n\t(No symbol) [0x00007FF78AA8BA43]\n\t(No symbol) [0x00007FF78AA5D438]\n\t(No symbol) [0x00007FF78AA5E4D1]\n\tGetHandleVerifier [0x00007FF78AF76AAD+3709933]\n\tGetHandleVerifier [0x00007FF78AFCFFED+4075821]\n\tGetHandleVerifier [0x00007FF78AFC817F+4043455]\n\tGetHandleVerifier [0x00007FF78AC99756+706710]\n\t(No symbol) [0x00007FF78AB7B8FF]\n\t(No symbol) [0x00007FF78AB76AE4]\n\t(No symbol) [0x00007FF78AB76C3C]\n\t(No symbol) [0x00007FF78AB668F4]\n\tBaseThreadInitThunk [0x00007FFCE0CE7344+20]\n\tRtlUserThreadStart [0x00007FFCE0F226B1+33]", "trace": "self = <tests.map_page_positive.TestMapPagePositive object at 0x00000239C22B0B20>, driver = <selenium.webdriver.chrome.webdriver.WebDriver (session=\"c08d6cc3cb4b8564b5fba13b747a9a30\")>, toponyms_name = 'Музей космонавтики'\n\n    @pytest.mark.search_address\n    @allure.title(\"Поиск адреса(топонима) на карте\")\n    @allure.testcase(\"https://yandex.ru/maps\", \"TC-YMPS-SA-01\")\n    @allure.severity(allure.severity_level.CRITICAL)\n    @allure.label(LabelType.LANGUAGE, \"Python\")\n    @allure.label(LabelType.FRAMEWORK, \"Pytest\", \"Selenium\")\n    @allure.label(\"Агафонов Е.А.\", \"владелец\")\n    @allure.link(\"https://yandex.ru/maps\", name=\"https://yandex.ru/maps\")\n    @allure.epic(\"Пользовательский интерфейс (позитивные тесты)\")\n    @allure.feature(\"Поиск объекта(топонима) на карте по названию\")\n    def test_search_address_positive(self, driver, toponyms_name=\"Музей космонавтики\"):\n        \"\"\"Позитивный тест проверки поиска объекта(топонима) на карте по его названию. Валидация теста выполнена успешно\n        в случае, если после ввода названия объекта в поле поиска и подтверждения действия, система определяет\n        местоположение топонима на карте и фокусирует экран пользователя на искомом объекте. Искомый топоним\n        (ожидаемый пользователем) совпадает с топонимом (результатом поиска), отображаемом на карте.\"\"\"\n    \n        with allure.step(\"Шаг 1: Перейти на сайт https://yandex.ru/maps/ и дождаться полной загрузки всех элементов.\"):\n            page = MainPage(driver)\n            page.wait_page_loaded()\n        with allure.step(f\"Шаг 2: Ввести в поле поиска, выбрать из выпадающего списка название искомого топонима:\\n\"\n                         f\"{toponyms_name}.\"):\n            page.enter_searching_address(driver, toponyms_name)\n            page.wait_page_loaded()\n        with allure.step(\"Шаг 3: Выполнить сравнение ожидаемого и фактического результатов теста.\"):\n>           parsed_toponyms_name = page.get_toponym_descript(driver)\n\nmap_page_positive.py:36: \n_ _ _ _ _ _ _ _ _ _ _ _ _ _ _ _ _ _ _ _ _ _ _ _ _ _ _ _ _ _ _ _ _ _ _ _ _ _ _ _ _ _ _ _ _ _ _ _ _ _ _ _ _ _ _ _ _ _ _ _ _ _ _ _ _ _ _ _ _ _ _ _ _ _ _ _ _ _ _ _ _ _ _ _ _ _ _ _ _ _ _ _ _ _ _ _ _ _ _ _ _ _ _ _ _ _ _ _ _ _ _ _ _ _\n..\\pages\\main_page.py:129: in get_toponym_descript\n    parsed_toponym = driver.find_element(*MapPageLocators.MAP_TOPONYM_DESCRIPTION).text\n..\\..\\pythonProject12\\venv\\lib\\site-packages\\selenium\\webdriver\\remote\\webdriver.py:741: in find_element\n    return self.execute(Command.FIND_ELEMENT, {\"using\": by, \"value\": value})[\"value\"]\n..\\..\\pythonProject12\\venv\\lib\\site-packages\\selenium\\webdriver\\remote\\webdriver.py:347: in execute\n    self.error_handler.check_response(response)\n_ _ _ _ _ _ _ _ _ _ _ _ _ _ _ _ _ _ _ _ _ _ _ _ _ _ _ _ _ _ _ _ _ _ _ _ _ _ _ _ _ _ _ _ _ _ _ _ _ _ _ _ _ _ _ _ _ _ _ _ _ _ _ _ _ _ _ _ _ _ _ _ _ _ _ _ _ _ _ _ _ _ _ _ _ _ _ _ _ _ _ _ _ _ _ _ _ _ _ _ _ _ _ _ _ _ _ _ _ _ _ _ _ _\n\nself = <selenium.webdriver.remote.errorhandler.ErrorHandler object at 0x00000239C22B1CF0>\nresponse = {'status': 404, 'value': '{\"value\":{\"error\":\"no such element\",\"message\":\"no such element: Unable to locate element: {\\...07FF78AB668F4]\\\\n\\\\tBaseThreadInitThunk [0x00007FFCE0CE7344+20]\\\\n\\\\tRtlUserThreadStart [0x00007FFCE0F226B1+33]\\\\n\"}}'}\n\n    def check_response(self, response: Dict[str, Any]) -> None:\n        \"\"\"Checks that a JSON response from the WebDriver does not have an\n        error.\n    \n        :Args:\n         - response - The JSON response from the WebDriver server as a dictionary\n           object.\n    \n        :Raises: If the response contains an error message.\n        \"\"\"\n        status = response.get(\"status\", None)\n        if not status or status == ErrorCode.SUCCESS:\n            return\n        value = None\n        message = response.get(\"message\", \"\")\n        screen: str = response.get(\"screen\", \"\")\n        stacktrace = None\n        if isinstance(status, int):\n            value_json = response.get(\"value\", None)\n            if value_json and isinstance(value_json, str):\n                import json\n    \n                try:\n                    value = json.loads(value_json)\n                    if len(value) == 1:\n                        value = value[\"value\"]\n                    status = value.get(\"error\", None)\n                    if not status:\n                        status = value.get(\"status\", ErrorCode.UNKNOWN_ERROR)\n                        message = value.get(\"value\") or value.get(\"message\")\n                        if not isinstance(message, str):\n                            value = message\n                            message = message.get(\"message\")\n                    else:\n                        message = value.get(\"message\", None)\n                except ValueError:\n                    pass\n    \n        exception_class: Type[WebDriverException]\n        e = ErrorCode()\n        error_codes = [item for item in dir(e) if not item.startswith(\"__\")]\n        for error_code in error_codes:\n            error_info = getattr(ErrorCode, error_code)\n            if isinstance(error_info, list) and status in error_info:\n                exception_class = getattr(ExceptionMapping, error_code, WebDriverException)\n                break\n        else:\n            exception_class = WebDriverException\n    \n        if not value:\n            value = response[\"value\"]\n        if isinstance(value, str):\n            raise exception_class(value)\n        if message == \"\" and \"message\" in value:\n            message = value[\"message\"]\n    \n        screen = None  # type: ignore[assignment]\n        if \"screen\" in value:\n            screen = value[\"screen\"]\n    \n        stacktrace = None\n        st_value = value.get(\"stackTrace\") or value.get(\"stacktrace\")\n        if st_value:\n            if isinstance(st_value, str):\n                stacktrace = st_value.split(\"\\n\")\n            else:\n                stacktrace = []\n                try:\n                    for frame in st_value:\n                        line = frame.get(\"lineNumber\", \"\")\n                        file = frame.get(\"fileName\", \"<anonymous>\")\n                        if line:\n                            file = f\"{file}:{line}\"\n                        meth = frame.get(\"methodName\", \"<anonymous>\")\n                        if \"className\" in frame:\n                            meth = f\"{frame['className']}.{meth}\"\n                        msg = \"    at %s (%s)\"\n                        msg = msg % (meth, file)\n                        stacktrace.append(msg)\n                except TypeError:\n                    pass\n        if exception_class == UnexpectedAlertPresentException:\n            alert_text = None\n            if \"data\" in value:\n                alert_text = value[\"data\"].get(\"text\")\n            elif \"alert\" in value:\n                alert_text = value[\"alert\"].get(\"text\")\n            raise exception_class(message, screen, stacktrace, alert_text)  # type: ignore[call-arg]  # mypy is not smart enough here\n>       raise exception_class(message, screen, stacktrace)\nE       selenium.common.exceptions.NoSuchElementException: Message: no such element: Unable to locate element: {\"method\":\"link text\",\"selector\":\"Музей космонавтики\"}\nE         (Session info: chrome-headless-shell=122.0.6261.95); For documentation on this error, please visit: https://www.selenium.dev/documentation/webdriver/troubleshooting/errors#no-such-element-exception\nE       Stacktrace:\nE       \tGetHandleVerifier [0x00007FF78ABFAD22+56930]\nE       \t(No symbol) [0x00007FF78AB6F622]\nE       \t(No symbol) [0x00007FF78AA242E5]\nE       \t(No symbol) [0x00007FF78AA698ED]\nE       \t(No symbol) [0x00007FF78AA69A2C]\nE       \t(No symbol) [0x00007FF78AAAA967]\nE       \t(No symbol) [0x00007FF78AA8BCDF]\nE       \t(No symbol) [0x00007FF78AAA81E2]\nE       \t(No symbol) [0x00007FF78AA8BA43]\nE       \t(No symbol) [0x00007FF78AA5D438]\nE       \t(No symbol) [0x00007FF78AA5E4D1]\nE       \tGetHandleVerifier [0x00007FF78AF76AAD+3709933]\nE       \tGetHandleVerifier [0x00007FF78AFCFFED+4075821]\nE       \tGetHandleVerifier [0x00007FF78AFC817F+4043455]\nE       \tGetHandleVerifier [0x00007FF78AC99756+706710]\nE       \t(No symbol) [0x00007FF78AB7B8FF]\nE       \t(No symbol) [0x00007FF78AB76AE4]\nE       \t(No symbol) [0x00007FF78AB76C3C]\nE       \t(No symbol) [0x00007FF78AB668F4]\nE       \tBaseThreadInitThunk [0x00007FFCE0CE7344+20]\nE       \tRtlUserThreadStart [0x00007FFCE0F226B1+33]\n\n..\\..\\pythonProject12\\venv\\lib\\site-packages\\selenium\\webdriver\\remote\\errorhandler.py:229: NoSuchElementException"}, "description": "Позитивный тест проверки поиска объекта(топонима) на карте по его названию. Валидация теста выполнена успешно\n        в случае, если после ввода названия объекта в поле поиска и подтверждения действия, система определяет\n        местоположение топонима на карте и фокусирует экран пользователя на искомом объекте. Искомый топоним\n        (ожидаемый пользователем) совпадает с топонимом (результатом поиска), отображаемом на карте.", "steps": [{"name": "Шаг 1: Перейти на сайт https://yandex.ru/maps/ и дождаться полной загрузки всех элементов.", "status": "passed", "start": 1709656930517, "stop": 1709656933760}, {"name": "Шаг 2: Ввести в поле поиска, выбрать из выпадающего списка название искомого топонима:\nМузей космонавтики.", "status": "passed", "start": 1709656933760, "stop": 1709656941816}, {"name": "Шаг 3: Выполнить сравнение ожидаемого и фактического результатов теста.", "status": "broken", "statusDetails": {"message": "selenium.common.exceptions.NoSuchElementException: Message: no such element: Unable to locate element: {\"method\":\"link text\",\"selector\":\"Музей космонавтики\"}\n  (Session info: chrome-headless-shell=122.0.6261.95); For documentation on this error, please visit: https://www.selenium.dev/documentation/webdriver/troubleshooting/errors#no-such-element-exception\nStacktrace:\n\tGetHandleVerifier [0x00007FF78ABFAD22+56930]\n\t(No symbol) [0x00007FF78AB6F622]\n\t(No symbol) [0x00007FF78AA242E5]\n\t(No symbol) [0x00007FF78AA698ED]\n\t(No symbol) [0x00007FF78AA69A2C]\n\t(No symbol) [0x00007FF78AAAA967]\n\t(No symbol) [0x00007FF78AA8BCDF]\n\t(No symbol) [0x00007FF78AAA81E2]\n\t(No symbol) [0x00007FF78AA8BA43]\n\t(No symbol) [0x00007FF78AA5D438]\n\t(No symbol) [0x00007FF78AA5E4D1]\n\tGetHandleVerifier [0x00007FF78AF76AAD+3709933]\n\tGetHandleVerifier [0x00007FF78AFCFFED+4075821]\n\tGetHandleVerifier [0x00007FF78AFC817F+4043455]\n\tGetHandleVerifier [0x00007FF78AC99756+706710]\n\t(No symbol) [0x00007FF78AB7B8FF]\n\t(No symbol) [0x00007FF78AB76AE4]\n\t(No symbol) [0x00007FF78AB76C3C]\n\t(No symbol) [0x00007FF78AB668F4]\n\tBaseThreadInitThunk [0x00007FFCE0CE7344+20]\n\tRtlUserThreadStart [0x00007FFCE0F226B1+33]\n\n", "trace": "  File \"C:\\Users\\agafo\\PycharmProjects\\YandexMaps\\tests\\map_page_positive.py\", line 36, in test_search_address_positive\n    parsed_toponyms_name = page.get_toponym_descript(driver)\n  File \"C:\\Users\\agafo\\PycharmProjects\\YandexMaps\\pages\\main_page.py\", line 129, in get_toponym_descript\n    parsed_toponym = driver.find_element(*MapPageLocators.MAP_TOPONYM_DESCRIPTION).text\n  File \"C:\\Users\\agafo\\PycharmProjects\\pythonProject12\\venv\\lib\\site-packages\\selenium\\webdriver\\remote\\webdriver.py\", line 741, in find_element\n    return self.execute(Command.FIND_ELEMENT, {\"using\": by, \"value\": value})[\"value\"]\n  File \"C:\\Users\\agafo\\PycharmProjects\\pythonProject12\\venv\\lib\\site-packages\\selenium\\webdriver\\remote\\webdriver.py\", line 347, in execute\n    self.error_handler.check_response(response)\n  File \"C:\\Users\\agafo\\PycharmProjects\\pythonProject12\\venv\\lib\\site-packages\\selenium\\webdriver\\remote\\errorhandler.py\", line 229, in check_response\n    raise exception_class(message, screen, stacktrace)\n"}, "start": 1709656941816, "stop": 1709656941827}], "start": 1709656930517, "stop": 1709656941830, "uuid": "14385acf-a023-4b41-86e3-21d5e4e10ab0", "historyId": "cc743c25c39a0a09cf07e61fa87da99d", "testCaseId": "cc743c25c39a0a09cf07e61fa87da99d", "fullName": "tests.map_page_positive.TestMapPagePositive#test_search_address_positive", "labels": [{"name": "feature", "value": "Поиск объекта(топонима) на карте по названию"}, {"name": "severity", "value": "critical"}, {"name": "Агафонов Е.А.", "value": "владелец"}, {"name": "epic", "value": "Пользовательский интерфейс (позитивные тесты)"}, {"name": "language", "value": "Python"}, {"name": "framework", "value": "Pytest"}, {"name": "tag", "value": "search_address"}, {"name": "parentSuite", "value": "tests"}, {"name": "suite", "value": "map_page_positive"}, {"name": "subSuite", "value": "TestMapPagePositive"}, {"name": "host", "value": "DESKTOP-J32RPI2"}, {"name": "thread", "value": "13396-MainThread"}, {"name": "framework", "value": "pytest"}, {"name": "language", "value": "cpython3"}, {"name": "package", "value": "tests.map_page_positive"}], "links": [{"type": "link", "url": "https://yandex.ru/maps", "name": "https://yandex.ru/maps"}, {"type": "tms", "url": "https://yandex.ru/maps", "name": "TC-YMPS-SA-01"}]}